The target system is: Generic - 3.7.99 - arm
The host system is: Windows - 10.0.19045 - AMD64
Compiling the C compiler identification source file "CMakeCCompilerId.c" succeeded.
Compiler: D:/ncs/toolchains/c57af46cb7/opt/zephyr-sdk/arm-zephyr-eabi/bin/arm-zephyr-eabi-gcc.exe 
Build flags: 
Id flags: -c 

The output was:
0


Compilation of the C compiler identification source "CMakeCCompilerId.c" produced "CMakeCCompilerId.o"

The C compiler identification is GNU, found in "D:/GitHub/romal_practice/ALL_IN_ONE/ALL_IN_ONE/PERIPHERAL_UART/build/PERIPHERAL_UART/CMakeFiles/3.20.5/CompilerIdC/CMakeCCompilerId.o"

Compiling the CXX compiler identification source file "CMakeCXXCompilerId.cpp" succeeded.
Compiler: D:/ncs/toolchains/c57af46cb7/opt/zephyr-sdk/arm-zephyr-eabi/bin/arm-zephyr-eabi-gcc.exe 
Build flags: 
Id flags: -c 

The output was:
0


Compilation of the CXX compiler identification source "CMakeCXXCompilerId.cpp" produced "CMakeCXXCompilerId.o"

The CXX compiler identification is GNU, found in "D:/GitHub/romal_practice/ALL_IN_ONE/ALL_IN_ONE/PERIPHERAL_UART/build/PERIPHERAL_UART/CMakeFiles/3.20.5/CompilerIdCXX/CMakeCXXCompilerId.o"

Checking whether the ASM compiler is GNU using "--version" matched "(GNU assembler)|(GCC)|(Free Software Foundation)":
arm-zephyr-eabi-gcc.exe (Zephyr SDK 0.16.1) 12.2.0
Copyright (C) 2022 Free Software Foundation, Inc.
This is free software; see the source for copying conditions.  There is NO
warranty; not even for MERCHANTABILITY or FITNESS FOR A PARTICULAR PURPOSE.

Performing C SOURCE FILE Test check_fmacro_prefix_map_D__GitHub_romal_practice_ALL_IN_ONE_ALL_IN_ONE_PERIPHERAL_UART_CMAKE_SOURCE_DIR_C__nostartfiles__nostdlib__isystem__d__ncs_toolchains_c57af46cb7_opt_zephyr_sdk_arm_zephyr_eabi_bin____lib_gcc_arm_zephyr_eabi_12_2_0_include___isystem__d__ncs_toolchains_c57af46cb7_opt_zephyr_sdk_arm_zephyr_eabi_bin____lib_gcc_arm_zephyr_eabi_12_2_0_include_fixed___Wl___unresolved_symbols_ignore_in_object_files__Wl___entry_0__fuse_ld_bfd succeeded with the following output:
Change Dir: D:/GitHub/romal_practice/ALL_IN_ONE/ALL_IN_ONE/PERIPHERAL_UART/build/PERIPHERAL_UART/CMakeFiles/CMakeTmp

Run Build Command(s):D:/ncs/toolchains/c57af46cb7/opt/bin/ninja.exe cmTC_bcbda && [1/2] Building C object CMakeFiles/cmTC_bcbda.dir/src.c.obj
[2/2] Linking C executable cmTC_bcbda


Source file was:
int main(void) { return 0; }
